<?xml version="1.0" encoding="UTF-8"?>
<testng-results skipped="0" failed="0" ignored="0" total="1" passed="1">
  <reporter-output>
  </reporter-output>
  <suite name="Default suite" duration-ms="10573" started-at="2022-10-20T00:22:58Z" finished-at="2022-10-20T00:23:09Z">
    <groups>
      <group name="cucumber">
        <method signature="AbstractTestNGCucumberTests.runScenario(io.cucumber.testng.PickleWrapper, io.cucumber.testng.FeatureWrapper)[pri:0, instance:com.auto.runner.Runner@76ed1b7c]" name="runScenario" class="io.cucumber.testng.AbstractTestNGCucumberTests"/>
      </group> <!-- cucumber -->
    </groups>
    <test name="Default test" duration-ms="10573" started-at="2022-10-20T00:22:58Z" finished-at="2022-10-20T00:23:09Z">
      <class name="com.auto.runner.Runner">
        <test-method status="PASS" signature="setUpClass(org.testng.ITestContext)[pri:0, instance:com.auto.runner.Runner@76ed1b7c]" name="setUpClass" is-config="true" duration-ms="433" started-at="2022-10-20T00:22:58Z" finished-at="2022-10-20T00:22:58Z">
          <params>
            <param index="0">
              <value>
                <![CDATA[org.testng.TestRunner@2ec3633f]]>
              </value>
            </param>
          </params>
          <reporter-output>
          </reporter-output>
        </test-method> <!-- setUpClass -->
        <test-method status="PASS" signature="runScenario(io.cucumber.testng.PickleWrapper, io.cucumber.testng.FeatureWrapper)[pri:0, instance:com.auto.runner.Runner@76ed1b7c]" name="runScenario" duration-ms="9459" started-at="2022-10-20T00:22:58Z" description="Runs Cucumber Scenarios" data-provider="scenarios" finished-at="2022-10-20T00:23:08Z">
          <params>
            <param index="0">
              <value>
                <![CDATA["Login into Hotwire with valid credentials"]]>
              </value>
            </param>
            <param index="1">
              <value>
                <![CDATA["Hotwire Login Functionality"]]>
              </value>
            </param>
          </params>
          <reporter-output>
          </reporter-output>
        </test-method> <!-- runScenario -->
        <test-method status="PASS" signature="tearDownClass()[pri:0, instance:com.auto.runner.Runner@76ed1b7c]" name="tearDownClass" is-config="true" duration-ms="647" started-at="2022-10-20T00:23:08Z" finished-at="2022-10-20T00:23:09Z">
          <reporter-output>
          </reporter-output>
        </test-method> <!-- tearDownClass -->
      </class> <!-- com.auto.runner.Runner -->
    </test> <!-- Default test -->
  </suite> <!-- Default suite -->
</testng-results>
